--------------------
./configure --prefix=/home/ubuntu/chenwei/padavan/padavan-fw/trunk/stage --shared
Sun Oct 21 23:46:02 PDT 2018
=== ztest6429.c ===
extern int getchar();
int hello() {return getchar();}
===
/home/ubuntu/chenwei/padavan/padavan-fw/trunk/../toolchain/out/bin/mipsel-linux-uclibc-gcc -mips32r2 -march=mips32r2 -mtune=24kec -c ztest6429.c
... using gcc

Checking for obsessive-compulsive compiler options...
=== ztest6429.c ===
int foo() { return 0; }
===
/home/ubuntu/chenwei/padavan/padavan-fw/trunk/../toolchain/out/bin/mipsel-linux-uclibc-gcc -mips32r2 -march=mips32r2 -mtune=24kec -c -Os -fomit-frame-pointer -fno-stack-protector -femit-struct-debug-baseonly -fno-var-tracking -pipe -DEMBED -I/home/ubuntu/chenwei/padavan/padavan-fw/trunk/stage/include -Dlinux -D__linux__ -Dunix -Wall -Wno-trigraphs -Wno-strict-aliasing -Wno-format-security -Wno-unused-but-set-variable -Wno-unused-const-variable -Wno-format-truncation -Wno-format-overflow -Wno-misleading-indentation -fconserve-stack -fno-strict-overflow -fno-var-tracking-assignments -fno-merge-all-constants -fmerge-constants -fno-stack-check -fno-delete-null-pointer-checks -Wno-pointer-sign -ffunction-sections -fdata-sections ztest6429.c

Checking for shared library support...
=== ztest6429.c ===
extern int getchar();
int hello() {return getchar();}
===
/home/ubuntu/chenwei/padavan/padavan-fw/trunk/../toolchain/out/bin/mipsel-linux-uclibc-gcc -mips32r2 -march=mips32r2 -mtune=24kec -w -c -Os -fomit-frame-pointer -fno-stack-protector -femit-struct-debug-baseonly -fno-var-tracking -pipe -DEMBED -I/home/ubuntu/chenwei/padavan/padavan-fw/trunk/stage/include -Dlinux -D__linux__ -Dunix -Wall -Wno-trigraphs -Wno-strict-aliasing -Wno-format-security -Wno-unused-but-set-variable -Wno-unused-const-variable -Wno-format-truncation -Wno-format-overflow -Wno-misleading-indentation -fconserve-stack -fno-strict-overflow -fno-var-tracking-assignments -fno-merge-all-constants -fmerge-constants -fno-stack-check -fno-delete-null-pointer-checks -Wno-pointer-sign -ffunction-sections -fdata-sections -fPIC ztest6429.c
/home/ubuntu/chenwei/padavan/padavan-fw/trunk/../toolchain/out/bin/mipsel-linux-uclibc-gcc -mips32r2 -march=mips32r2 -mtune=24kec -shared -Wl,-soname,libz.so.1,--version-script,zlib.map -Os -fomit-frame-pointer -fno-stack-protector -femit-struct-debug-baseonly -fno-var-tracking -pipe -DEMBED -I/home/ubuntu/chenwei/padavan/padavan-fw/trunk/stage/include -Dlinux -D__linux__ -Dunix -Wall -Wno-trigraphs -Wno-strict-aliasing -Wno-format-security -Wno-unused-but-set-variable -Wno-unused-const-variable -Wno-format-truncation -Wno-format-overflow -Wno-misleading-indentation -fconserve-stack -fno-strict-overflow -fno-var-tracking-assignments -fno-merge-all-constants -fmerge-constants -fno-stack-check -fno-delete-null-pointer-checks -Wno-pointer-sign -ffunction-sections -fdata-sections -fPIC -o ztest6429.so ztest6429.o
Building shared library libz.so.1.2.11 with /home/ubuntu/chenwei/padavan/padavan-fw/trunk/../toolchain/out/bin/mipsel-linux-uclibc-gcc -mips32r2 -march=mips32r2 -mtune=24kec.

=== ztest6429.c ===
#include <stdio.h>
#include <stdlib.h>
size_t dummy = 0;
===
/home/ubuntu/chenwei/padavan/padavan-fw/trunk/../toolchain/out/bin/mipsel-linux-uclibc-gcc -mips32r2 -march=mips32r2 -mtune=24kec -c -Os -fomit-frame-pointer -fno-stack-protector -femit-struct-debug-baseonly -fno-var-tracking -pipe -DEMBED -I/home/ubuntu/chenwei/padavan/padavan-fw/trunk/stage/include -Dlinux -D__linux__ -Dunix -Wall -Wno-trigraphs -Wno-strict-aliasing -Wno-format-security -Wno-unused-but-set-variable -Wno-unused-const-variable -Wno-format-truncation -Wno-format-overflow -Wno-misleading-indentation -fconserve-stack -fno-strict-overflow -fno-var-tracking-assignments -fno-merge-all-constants -fmerge-constants -fno-stack-check -fno-delete-null-pointer-checks -Wno-pointer-sign -ffunction-sections -fdata-sections ztest6429.c
Checking for size_t... Yes.


=== ztest6429.c ===
#include <sys/types.h>
off64_t dummy = 0;
===
/home/ubuntu/chenwei/padavan/padavan-fw/trunk/../toolchain/out/bin/mipsel-linux-uclibc-gcc -mips32r2 -march=mips32r2 -mtune=24kec -c -Os -fomit-frame-pointer -fno-stack-protector -femit-struct-debug-baseonly -fno-var-tracking -pipe -DEMBED -I/home/ubuntu/chenwei/padavan/padavan-fw/trunk/stage/include -Dlinux -D__linux__ -Dunix -Wall -Wno-trigraphs -Wno-strict-aliasing -Wno-format-security -Wno-unused-but-set-variable -Wno-unused-const-variable -Wno-format-truncation -Wno-format-overflow -Wno-misleading-indentation -fconserve-stack -fno-strict-overflow -fno-var-tracking-assignments -fno-merge-all-constants -fmerge-constants -fno-stack-check -fno-delete-null-pointer-checks -Wno-pointer-sign -ffunction-sections -fdata-sections -D_LARGEFILE64_SOURCE=1 ztest6429.c
Checking for off64_t... Yes.
Checking for fseeko... Yes.

=== ztest6429.c ===
#include <string.h>
#include <errno.h>
int main() { return strlen(strerror(errno)); }
===
/home/ubuntu/chenwei/padavan/padavan-fw/trunk/../toolchain/out/bin/mipsel-linux-uclibc-gcc -mips32r2 -march=mips32r2 -mtune=24kec -Os -fomit-frame-pointer -fno-stack-protector -femit-struct-debug-baseonly -fno-var-tracking -pipe -DEMBED -I/home/ubuntu/chenwei/padavan/padavan-fw/trunk/stage/include -Dlinux -D__linux__ -Dunix -Wall -Wno-trigraphs -Wno-strict-aliasing -Wno-format-security -Wno-unused-but-set-variable -Wno-unused-const-variable -Wno-format-truncation -Wno-format-overflow -Wno-misleading-indentation -fconserve-stack -fno-strict-overflow -fno-var-tracking-assignments -fno-merge-all-constants -fmerge-constants -fno-stack-check -fno-delete-null-pointer-checks -Wno-pointer-sign -ffunction-sections -fdata-sections -D_LARGEFILE64_SOURCE=1 -o ztest6429 ztest6429.c
Checking for strerror... Yes.

=== ztest6429.c ===
#include <unistd.h>
int main() { return 0; }
===
/home/ubuntu/chenwei/padavan/padavan-fw/trunk/../toolchain/out/bin/mipsel-linux-uclibc-gcc -mips32r2 -march=mips32r2 -mtune=24kec -c -Os -fomit-frame-pointer -fno-stack-protector -femit-struct-debug-baseonly -fno-var-tracking -pipe -DEMBED -I/home/ubuntu/chenwei/padavan/padavan-fw/trunk/stage/include -Dlinux -D__linux__ -Dunix -Wall -Wno-trigraphs -Wno-strict-aliasing -Wno-format-security -Wno-unused-but-set-variable -Wno-unused-const-variable -Wno-format-truncation -Wno-format-overflow -Wno-misleading-indentation -fconserve-stack -fno-strict-overflow -fno-var-tracking-assignments -fno-merge-all-constants -fmerge-constants -fno-stack-check -fno-delete-null-pointer-checks -Wno-pointer-sign -ffunction-sections -fdata-sections -D_LARGEFILE64_SOURCE=1 ztest6429.c
Checking for unistd.h... Yes.

=== ztest6429.c ===
#include <stdarg.h>
int main() { return 0; }
===
/home/ubuntu/chenwei/padavan/padavan-fw/trunk/../toolchain/out/bin/mipsel-linux-uclibc-gcc -mips32r2 -march=mips32r2 -mtune=24kec -c -Os -fomit-frame-pointer -fno-stack-protector -femit-struct-debug-baseonly -fno-var-tracking -pipe -DEMBED -I/home/ubuntu/chenwei/padavan/padavan-fw/trunk/stage/include -Dlinux -D__linux__ -Dunix -Wall -Wno-trigraphs -Wno-strict-aliasing -Wno-format-security -Wno-unused-but-set-variable -Wno-unused-const-variable -Wno-format-truncation -Wno-format-overflow -Wno-misleading-indentation -fconserve-stack -fno-strict-overflow -fno-var-tracking-assignments -fno-merge-all-constants -fmerge-constants -fno-stack-check -fno-delete-null-pointer-checks -Wno-pointer-sign -ffunction-sections -fdata-sections -D_LARGEFILE64_SOURCE=1 ztest6429.c
Checking for stdarg.h... Yes.

=== ztest6429.c ===
#include <stdio.h>
#include <stdarg.h>
#include "zconf.h"
int main()
{
#ifndef STDC
  choke me
#endif
  return 0;
}
===
/home/ubuntu/chenwei/padavan/padavan-fw/trunk/../toolchain/out/bin/mipsel-linux-uclibc-gcc -mips32r2 -march=mips32r2 -mtune=24kec -c -Os -fomit-frame-pointer -fno-stack-protector -femit-struct-debug-baseonly -fno-var-tracking -pipe -DEMBED -I/home/ubuntu/chenwei/padavan/padavan-fw/trunk/stage/include -Dlinux -D__linux__ -Dunix -Wall -Wno-trigraphs -Wno-strict-aliasing -Wno-format-security -Wno-unused-but-set-variable -Wno-unused-const-variable -Wno-format-truncation -Wno-format-overflow -Wno-misleading-indentation -fconserve-stack -fno-strict-overflow -fno-var-tracking-assignments -fno-merge-all-constants -fmerge-constants -fno-stack-check -fno-delete-null-pointer-checks -Wno-pointer-sign -ffunction-sections -fdata-sections -D_LARGEFILE64_SOURCE=1 ztest6429.c
Checking whether to use vs[n]printf() or s[n]printf()... using vs[n]printf().

=== ztest6429.c ===
#include <stdio.h>
#include <stdarg.h>
int mytest(const char *fmt, ...)
{
  char buf[20];
  va_list ap;
  va_start(ap, fmt);
  vsnprintf(buf, sizeof(buf), fmt, ap);
  va_end(ap);
  return 0;
}
int main()
{
  return (mytest("Hello%d\n", 1));
}
===
/home/ubuntu/chenwei/padavan/padavan-fw/trunk/../toolchain/out/bin/mipsel-linux-uclibc-gcc -mips32r2 -march=mips32r2 -mtune=24kec -Os -fomit-frame-pointer -fno-stack-protector -femit-struct-debug-baseonly -fno-var-tracking -pipe -DEMBED -I/home/ubuntu/chenwei/padavan/padavan-fw/trunk/stage/include -Dlinux -D__linux__ -Dunix -Wall -Wno-trigraphs -Wno-strict-aliasing -Wno-format-security -Wno-unused-but-set-variable -Wno-unused-const-variable -Wno-format-truncation -Wno-format-overflow -Wno-misleading-indentation -fconserve-stack -fno-strict-overflow -fno-var-tracking-assignments -fno-merge-all-constants -fmerge-constants -fno-stack-check -fno-delete-null-pointer-checks -Wno-pointer-sign -ffunction-sections -fdata-sections -D_LARGEFILE64_SOURCE=1 -o ztest6429 ztest6429.c
Checking for vsnprintf() in stdio.h... Yes.

=== ztest6429.c ===
#include <stdio.h>
#include <stdarg.h>
int mytest(const char *fmt, ...)
{
  int n;
  char buf[20];
  va_list ap;
  va_start(ap, fmt);
  n = vsnprintf(buf, sizeof(buf), fmt, ap);
  va_end(ap);
  return n;
}
int main()
{
  return (mytest("Hello%d\n", 1));
}
===
/home/ubuntu/chenwei/padavan/padavan-fw/trunk/../toolchain/out/bin/mipsel-linux-uclibc-gcc -mips32r2 -march=mips32r2 -mtune=24kec -c -Os -fomit-frame-pointer -fno-stack-protector -femit-struct-debug-baseonly -fno-var-tracking -pipe -DEMBED -I/home/ubuntu/chenwei/padavan/padavan-fw/trunk/stage/include -Dlinux -D__linux__ -Dunix -Wall -Wno-trigraphs -Wno-strict-aliasing -Wno-format-security -Wno-unused-but-set-variable -Wno-unused-const-variable -Wno-format-truncation -Wno-format-overflow -Wno-misleading-indentation -fconserve-stack -fno-strict-overflow -fno-var-tracking-assignments -fno-merge-all-constants -fmerge-constants -fno-stack-check -fno-delete-null-pointer-checks -Wno-pointer-sign -ffunction-sections -fdata-sections -D_LARGEFILE64_SOURCE=1 ztest6429.c
Checking for return value of vsnprintf()... Yes.

=== ztest6429.c ===
#define ZLIB_INTERNAL __attribute__((visibility ("hidden")))
int ZLIB_INTERNAL foo;
int main()
{
  return 0;
}
===
/home/ubuntu/chenwei/padavan/padavan-fw/trunk/../toolchain/out/bin/mipsel-linux-uclibc-gcc -mips32r2 -march=mips32r2 -mtune=24kec -c -Os -fomit-frame-pointer -fno-stack-protector -femit-struct-debug-baseonly -fno-var-tracking -pipe -DEMBED -I/home/ubuntu/chenwei/padavan/padavan-fw/trunk/stage/include -Dlinux -D__linux__ -Dunix -Wall -Wno-trigraphs -Wno-strict-aliasing -Wno-format-security -Wno-unused-but-set-variable -Wno-unused-const-variable -Wno-format-truncation -Wno-format-overflow -Wno-misleading-indentation -fconserve-stack -fno-strict-overflow -fno-var-tracking-assignments -fno-merge-all-constants -fmerge-constants -fno-stack-check -fno-delete-null-pointer-checks -Wno-pointer-sign -ffunction-sections -fdata-sections -D_LARGEFILE64_SOURCE=1 ztest6429.c
Checking for attribute(visibility) support... Yes.

ALL = static shared all64
AR = /home/ubuntu/chenwei/padavan/padavan-fw/trunk/../toolchain/out/bin/mipsel-linux-uclibc-ar
ARFLAGS = rc
CC = /home/ubuntu/chenwei/padavan/padavan-fw/trunk/../toolchain/out/bin/mipsel-linux-uclibc-gcc -mips32r2 -march=mips32r2 -mtune=24kec
CFLAGS = -Os -fomit-frame-pointer -fno-stack-protector -femit-struct-debug-baseonly -fno-var-tracking -pipe -DEMBED -I/home/ubuntu/chenwei/padavan/padavan-fw/trunk/stage/include -Dlinux -D__linux__ -Dunix -Wall -Wno-trigraphs -Wno-strict-aliasing -Wno-format-security -Wno-unused-but-set-variable -Wno-unused-const-variable -Wno-format-truncation -Wno-format-overflow -Wno-misleading-indentation -fconserve-stack -fno-strict-overflow -fno-var-tracking-assignments -fno-merge-all-constants -fmerge-constants -fno-stack-check -fno-delete-null-pointer-checks -Wno-pointer-sign -ffunction-sections -fdata-sections -D_LARGEFILE64_SOURCE=1 -DHAVE_HIDDEN
CPP = /home/ubuntu/chenwei/padavan/padavan-fw/trunk/../toolchain/out/bin/mipsel-linux-uclibc-gcc -mips32r2 -march=mips32r2 -mtune=24kec -E
EXE =
LDCONFIG = ldconfig
LDFLAGS = -L/home/ubuntu/chenwei/padavan/padavan-fw/trunk/stage/lib -Wl,--gc-sections
LDSHARED = /home/ubuntu/chenwei/padavan/padavan-fw/trunk/../toolchain/out/bin/mipsel-linux-uclibc-gcc -mips32r2 -march=mips32r2 -mtune=24kec -shared -Wl,-soname,libz.so.1,--version-script,zlib.map
LDSHAREDLIBC = -lc
OBJC = $(OBJZ) $(OBJG)
PIC_OBJC = $(PIC_OBJZ) $(PIC_OBJG)
RANLIB = /home/ubuntu/chenwei/padavan/padavan-fw/trunk/../toolchain/out/bin/mipsel-linux-uclibc-ranlib
SFLAGS = -Os -fomit-frame-pointer -fno-stack-protector -femit-struct-debug-baseonly -fno-var-tracking -pipe -DEMBED -I/home/ubuntu/chenwei/padavan/padavan-fw/trunk/stage/include -Dlinux -D__linux__ -Dunix -Wall -Wno-trigraphs -Wno-strict-aliasing -Wno-format-security -Wno-unused-but-set-variable -Wno-unused-const-variable -Wno-format-truncation -Wno-format-overflow -Wno-misleading-indentation -fconserve-stack -fno-strict-overflow -fno-var-tracking-assignments -fno-merge-all-constants -fmerge-constants -fno-stack-check -fno-delete-null-pointer-checks -Wno-pointer-sign -ffunction-sections -fdata-sections -fPIC -D_LARGEFILE64_SOURCE=1 -DHAVE_HIDDEN
SHAREDLIB = libz.so
SHAREDLIBM = libz.so.1
SHAREDLIBV = libz.so.1.2.11
STATICLIB = libz.a
TEST = all teststatic testshared test64
VER = 1.2.11
Z_U4 =
SRCDIR =
exec_prefix = ${prefix}
includedir = ${prefix}/include
libdir = ${exec_prefix}/lib
mandir = ${prefix}/share/man
prefix = /home/ubuntu/chenwei/padavan/padavan-fw/trunk/stage
sharedlibdir = ${libdir}
uname = Linux
--------------------


